<?xml version="1.0" encoding="UTF-8"?>
<testsuite name="Test" tests="1" skipped="0" failures="0" errors="0" timestamp="2019-11-25T06:56:13" hostname="DESKTOP-J61I3A3" time="0.002">
  <properties/>
  <testcase name="name" classname="Test" time="0.002"/>
  <system-out><![CDATA[]]></system-out>
  <system-err><![CDATA[]]></system-err>
</testsuite>
